<?xml version="1.0" encoding="UTF-8"?>
<!-- Generated by org.testng.reporters.JUnitReportReporter -->
<testsuite hostname="VDQADEV01-RIJL0" name="test.EbayTestCases" tests="2" failures="0" timestamp="26 Jan 2015 22:18:47 GMT" time="86.544" errors="0">
  <testcase name="login" time="17.686" classname="test.EbayTestCases"/>
  <testcase name="buyingProducts" time="68.858" classname="test.EbayTestCases"/>
</testsuite> <!-- test.EbayTestCases -->
